{"/home/eg/Documents/work/stacks/Stacks-did-method/packages/did-resolver/src/api.ts": {"path":"/home/eg/Documents/work/stacks/Stacks-did-method/packages/did-resolver/src/api.ts","statementMap":{"0":{"start":{"line":1,"column":0},"end":{"line":1,"column":25}},"1":{"start":{"line":2,"column":0},"end":{"line":2,"column":38}},"2":{"start":{"line":3,"column":0},"end":{"line":3,"column":78}},"3":{"start":{"line":4,"column":0},"end":{"line":4,"column":72}},"4":{"start":{"line":5,"column":0},"end":{"line":5,"column":43}},"5":{"start":{"line":6,"column":0},"end":{"line":6,"column":null}},"6":{"start":{"line":17,"column":0},"end":{"line":17,"column":41}},"7":{"start":{"line":18,"column":0},"end":{"line":18,"column":70}},"8":{"start":{"line":39,"column":25},"end":{"line":43,"column":1}},"9":{"start":{"line":40,"column":2},"end":{"line":42,"column":null}},"10":{"start":{"line":40,"column":41},"end":{"line":40,"column":94}},"11":{"start":{"line":40,"column":69},"end":{"line":40,"column":93}},"12":{"start":{"line":39,"column":13},"end":{"line":39,"column":25}},"13":{"start":{"line":53,"column":36},"end":{"line":65,"column":1}},"14":{"start":{"line":61,"column":14},"end":{"line":61,"column":71}},"15":{"start":{"line":62,"column":19},"end":{"line":62,"column":87}},"16":{"start":{"line":64,"column":2},"end":{"line":64,"column":null}},"17":{"start":{"line":53,"column":13},"end":{"line":53,"column":36}},"18":{"start":{"line":73,"column":29},"end":{"line":112,"column":1}},"19":{"start":{"line":84,"column":19},"end":{"line":84,"column":85}},"20":{"start":{"line":86,"column":2},"end":{"line":111,"column":null}},"21":{"start":{"line":88,"column":6},"end":{"line":109,"column":null}},"22":{"start":{"line":94,"column":10},"end":{"line":107,"column":38}},"23":{"start":{"line":96,"column":14},"end":{"line":104,"column":null}},"24":{"start":{"line":100,"column":16},"end":{"line":102,"column":null}},"25":{"start":{"line":105,"column":14},"end":{"line":105,"column":null}},"26":{"start":{"line":107,"column":24},"end":{"line":107,"column":27}},"27":{"start":{"line":73,"column":13},"end":{"line":73,"column":29}},"28":{"start":{"line":123,"column":34},"end":{"line":163,"column":1}},"29":{"start":{"line":132,"column":24},"end":{"line":132,"column":85}},"30":{"start":{"line":134,"column":42},"end":{"line":134,"column":66}},"31":{"start":{"line":136,"column":24},"end":{"line":136,"column":87}},"32":{"start":{"line":138,"column":18},"end":{"line":145,"column":null}},"33":{"start":{"line":148,"column":2},"end":{"line":162,"column":null}},"34":{"start":{"line":150,"column":33},"end":{"line":150,"column":49}},"35":{"start":{"line":151,"column":6},"end":{"line":153,"column":null}},"36":{"start":{"line":152,"column":8},"end":{"line":152,"column":null}},"37":{"start":{"line":155,"column":6},"end":{"line":160,"column":null}},"38":{"start":{"line":184,"column":36},"end":{"line":195,"column":1}},"39":{"start":{"line":185,"column":19},"end":{"line":185,"column":88}},"40":{"start":{"line":186,"column":2},"end":{"line":194,"column":null}},"41":{"start":{"line":188,"column":6},"end":{"line":192,"column":null}},"42":{"start":{"line":189,"column":8},"end":{"line":189,"column":null}},"43":{"start":{"line":191,"column":8},"end":{"line":191,"column":null}},"44":{"start":{"line":184,"column":13},"end":{"line":184,"column":36}},"45":{"start":{"line":202,"column":37},"end":{"line":204,"column":null}},"46":{"start":{"line":203,"column":2},"end":{"line":204,"column":null}},"47":{"start":{"line":202,"column":13},"end":{"line":202,"column":37}}},"fnMap":{"0":{"name":"(anonymous_0)","decl":{"start":{"line":39,"column":25},"end":{"line":39,"column":29}},"loc":{"start":{"line":39,"column":75},"end":{"line":43,"column":1}}},"1":{"name":"(anonymous_1)","decl":{"start":{"line":40,"column":35},"end":{"line":40,"column":38}},"loc":{"start":{"line":40,"column":41},"end":{"line":40,"column":94}}},"2":{"name":"(anonymous_2)","decl":{"start":{"line":40,"column":62},"end":{"line":40,"column":65}},"loc":{"start":{"line":40,"column":69},"end":{"line":40,"column":93}}},"3":{"name":"(anonymous_3)","decl":{"start":{"line":53,"column":36},"end":{"line":53,"column":null}},"loc":{"start":{"line":60,"column":35},"end":{"line":65,"column":1}}},"4":{"name":"(anonymous_4)","decl":{"start":{"line":73,"column":29},"end":{"line":73,"column":null}},"loc":{"start":{"line":82,"column":37},"end":{"line":112,"column":1}}},"5":{"name":"(anonymous_5)","decl":{"start":{"line":87,"column":10},"end":{"line":87,"column":13}},"loc":{"start":{"line":87,"column":16},"end":{"line":110,"column":5}}},"6":{"name":"(anonymous_6)","decl":{"start":{"line":93,"column":12},"end":{"line":93,"column":22}},"loc":{"start":{"line":94,"column":10},"end":{"line":107,"column":38}}},"7":{"name":"(anonymous_7)","decl":{"start":{"line":95,"column":17},"end":{"line":95,"column":18}},"loc":{"start":{"line":95,"column":48},"end":{"line":106,"column":13}}},"8":{"name":"(anonymous_8)","decl":{"start":{"line":107,"column":18},"end":{"line":107,"column":21}},"loc":{"start":{"line":107,"column":24},"end":{"line":107,"column":27}}},"9":{"name":"(anonymous_9)","decl":{"start":{"line":123,"column":34},"end":{"line":123,"column":35}},"loc":{"start":{"line":131,"column":79},"end":{"line":163,"column":1}}},"10":{"name":"(anonymous_10)","decl":{"start":{"line":149,"column":10},"end":{"line":149,"column":16}},"loc":{"start":{"line":149,"column":19},"end":{"line":161,"column":5}}},"11":{"name":"(anonymous_11)","decl":{"start":{"line":184,"column":36},"end":{"line":184,"column":37}},"loc":{"start":{"line":184,"column":74},"end":{"line":195,"column":1}}},"12":{"name":"(anonymous_12)","decl":{"start":{"line":187,"column":10},"end":{"line":187,"column":13}},"loc":{"start":{"line":187,"column":16},"end":{"line":193,"column":5}}},"13":{"name":"(anonymous_13)","decl":{"start":{"line":202,"column":37},"end":{"line":202,"column":38}},"loc":{"start":{"line":203,"column":2},"end":{"line":204,"column":null}}}},"branchMap":{"0":{"loc":{"start":{"line":62,"column":62},"end":{"line":62,"column":79}},"type":"binary-expr","locations":[{"start":{"line":62,"column":62},"end":{"line":62,"column":79}},{"start":{"line":62,"column":83},"end":{"line":62,"column":85}}]},"1":{"loc":{"start":{"line":96,"column":14},"end":{"line":104,"column":null}},"type":"if","locations":[{"start":{"line":96,"column":14},"end":{"line":104,"column":null}},{"start":{"line":96,"column":14},"end":{"line":104,"column":null}}]},"2":{"loc":{"start":{"line":132,"column":46},"end":{"line":132,"column":64}},"type":"cond-expr","locations":[{"start":{"line":132,"column":46},"end":{"line":132,"column":64}},{"start":{"line":132,"column":67},"end":{"line":132,"column":85}}]},"3":{"loc":{"start":{"line":151,"column":6},"end":{"line":153,"column":null}},"type":"if","locations":[{"start":{"line":151,"column":6},"end":{"line":153,"column":null}},{"start":{"line":151,"column":6},"end":{"line":153,"column":null}}]},"4":{"loc":{"start":{"line":188,"column":6},"end":{"line":192,"column":null}},"type":"if","locations":[{"start":{"line":188,"column":6},"end":{"line":192,"column":null}},{"start":{"line":188,"column":6},"end":{"line":192,"column":null}}]}},"s":{"0":4,"1":4,"2":4,"3":4,"4":4,"5":4,"6":4,"7":4,"8":4,"9":0,"10":0,"11":0,"12":4,"13":4,"14":0,"15":0,"16":0,"17":4,"18":4,"19":0,"20":0,"21":0,"22":0,"23":0,"24":0,"25":0,"26":0,"27":4,"28":4,"29":0,"30":0,"31":0,"32":0,"33":0,"34":0,"35":0,"36":0,"37":0,"38":4,"39":0,"40":0,"41":0,"42":0,"43":0,"44":4,"45":4,"46":0,"47":4},"f":{"0":0,"1":0,"2":0,"3":0,"4":0,"5":0,"6":0,"7":0,"8":0,"9":0,"10":0,"11":0,"12":0,"13":0},"b":{"0":[0,0],"1":[0,0],"2":[0,0],"3":[0,0],"4":[0,0]}}
,"/home/eg/Documents/work/stacks/Stacks-did-method/packages/did-resolver/src/constants.ts": {"path":"/home/eg/Documents/work/stacks/Stacks-did-method/packages/did-resolver/src/constants.ts","statementMap":{"0":{"start":{"line":1,"column":0},"end":{"line":1,"column":53}},"1":{"start":{"line":2,"column":0},"end":{"line":2,"column":58}},"2":{"start":{"line":9,"column":13},"end":{"line":9,"column":null}},"3":{"start":{"line":16,"column":13},"end":{"line":16,"column":null}},"4":{"start":{"line":22,"column":13},"end":{"line":25,"column":null}},"5":{"start":{"line":34,"column":13},"end":{"line":37,"column":null}},"6":{"start":{"line":46,"column":13},"end":{"line":49,"column":null}},"7":{"start":{"line":56,"column":13},"end":{"line":59,"column":null}},"8":{"start":{"line":61,"column":13},"end":{"line":78,"column":null}}},"fnMap":{},"branchMap":{},"s":{"0":4,"1":4,"2":4,"3":4,"4":4,"5":4,"6":4,"7":4,"8":4},"f":{},"b":{}}
,"/home/eg/Documents/work/stacks/Stacks-did-method/packages/did-resolver/src/errors.ts": {"path":"/home/eg/Documents/work/stacks/Stacks-did-method/packages/did-resolver/src/errors.ts","statementMap":{"0":{"start":{"line":1,"column":0},"end":{"line":1,"column":null}},"1":{"start":{"line":2,"column":2},"end":{"line":2,"column":null}},"2":{"start":{"line":3,"column":2},"end":{"line":3,"column":null}},"3":{"start":{"line":4,"column":2},"end":{"line":4,"column":null}},"4":{"start":{"line":5,"column":2},"end":{"line":5,"column":null}},"5":{"start":{"line":6,"column":2},"end":{"line":6,"column":null}},"6":{"start":{"line":9,"column":0},"end":{"line":9,"column":null}},"7":{"start":{"line":10,"column":2},"end":{"line":10,"column":null}},"8":{"start":{"line":11,"column":2},"end":{"line":11,"column":null}},"9":{"start":{"line":12,"column":2},"end":{"line":12,"column":null}},"10":{"start":{"line":13,"column":2},"end":{"line":13,"column":null}},"11":{"start":{"line":14,"column":2},"end":{"line":14,"column":null}},"12":{"start":{"line":15,"column":2},"end":{"line":15,"column":null}},"13":{"start":{"line":16,"column":2},"end":{"line":16,"column":null}},"14":{"start":{"line":17,"column":2},"end":{"line":17,"column":null}},"15":{"start":{"line":18,"column":2},"end":{"line":18,"column":null}},"16":{"start":{"line":23,"column":4},"end":{"line":23,"column":null}},"17":{"start":{"line":21,"column":0},"end":{"line":21,"column":13}},"18":{"start":{"line":29,"column":4},"end":{"line":29,"column":null}},"19":{"start":{"line":27,"column":0},"end":{"line":27,"column":13}}},"fnMap":{"0":{"name":"(anonymous_0)","decl":{"start":{"line":1,"column":0},"end":{"line":1,"column":12}},"loc":{"start":{"line":1,"column":30},"end":{"line":7,"column":1}}},"1":{"name":"(anonymous_1)","decl":{"start":{"line":9,"column":0},"end":{"line":9,"column":12}},"loc":{"start":{"line":9,"column":35},"end":{"line":19,"column":1}}},"2":{"name":"(anonymous_2)","decl":{"start":{"line":22,"column":2},"end":{"line":22,"column":21}},"loc":{"start":{"line":22,"column":68},"end":{"line":24,"column":3}}},"3":{"name":"(anonymous_3)","decl":{"start":{"line":28,"column":2},"end":{"line":28,"column":21}},"loc":{"start":{"line":28,"column":63},"end":{"line":30,"column":3}}}},"branchMap":{"0":{"loc":{"start":{"line":1,"column":12},"end":{"line":1,"column":30}},"type":"binary-expr","locations":[{"start":{"line":1,"column":12},"end":{"line":1,"column":30}},{"start":{"line":1,"column":12},"end":{"line":1,"column":null}}]},"1":{"loc":{"start":{"line":9,"column":12},"end":{"line":9,"column":35}},"type":"binary-expr","locations":[{"start":{"line":9,"column":12},"end":{"line":9,"column":35}},{"start":{"line":9,"column":12},"end":{"line":9,"column":null}}]},"2":{"loc":{"start":{"line":23,"column":32},"end":{"line":23,"column":39}},"type":"cond-expr","locations":[{"start":{"line":23,"column":32},"end":{"line":23,"column":39}},{"start":{"line":23,"column":42},"end":{"line":23,"column":44}}]},"3":{"loc":{"start":{"line":29,"column":32},"end":{"line":29,"column":39}},"type":"cond-expr","locations":[{"start":{"line":29,"column":32},"end":{"line":29,"column":39}},{"start":{"line":29,"column":42},"end":{"line":29,"column":44}}]}},"s":{"0":4,"1":4,"2":4,"3":4,"4":4,"5":4,"6":4,"7":4,"8":4,"9":4,"10":4,"11":4,"12":4,"13":4,"14":4,"15":4,"16":9,"17":4,"18":9,"19":4},"f":{"0":4,"1":4,"2":9,"3":9},"b":{"0":[4,4],"1":[4,4],"2":[9,0],"3":[5,4]}}
,"/home/eg/Documents/work/stacks/Stacks-did-method/packages/did-resolver/src/types.ts": {"path":"/home/eg/Documents/work/stacks/Stacks-did-method/packages/did-resolver/src/types.ts","statementMap":{"0":{"start":{"line":1,"column":0},"end":{"line":1,"column":null}},"1":{"start":{"line":2,"column":2},"end":{"line":2,"column":null}},"2":{"start":{"line":3,"column":2},"end":{"line":3,"column":null}},"3":{"start":{"line":6,"column":0},"end":{"line":6,"column":null}},"4":{"start":{"line":7,"column":2},"end":{"line":7,"column":null}},"5":{"start":{"line":8,"column":2},"end":{"line":8,"column":null}}},"fnMap":{"0":{"name":"(anonymous_0)","decl":{"start":{"line":1,"column":0},"end":{"line":1,"column":12}},"loc":{"start":{"line":1,"column":19},"end":{"line":4,"column":1}}},"1":{"name":"(anonymous_1)","decl":{"start":{"line":6,"column":0},"end":{"line":6,"column":12}},"loc":{"start":{"line":6,"column":35},"end":{"line":9,"column":1}}}},"branchMap":{"0":{"loc":{"start":{"line":1,"column":12},"end":{"line":1,"column":19}},"type":"binary-expr","locations":[{"start":{"line":1,"column":12},"end":{"line":1,"column":19}},{"start":{"line":1,"column":12},"end":{"line":1,"column":null}}]},"1":{"loc":{"start":{"line":6,"column":12},"end":{"line":6,"column":35}},"type":"binary-expr","locations":[{"start":{"line":6,"column":12},"end":{"line":6,"column":35}},{"start":{"line":6,"column":12},"end":{"line":6,"column":null}}]}},"s":{"0":4,"1":4,"2":4,"3":4,"4":4,"5":4},"f":{"0":4,"1":4},"b":{"0":[4,4],"1":[4,4]}}
,"/home/eg/Documents/work/stacks/Stacks-did-method/packages/did-resolver/src/utils/bns.ts": {"path":"/home/eg/Documents/work/stacks/Stacks-did-method/packages/did-resolver/src/utils/bns.ts","statementMap":{"0":{"start":{"line":2,"column":0},"end":{"line":2,"column":45}},"1":{"start":{"line":3,"column":0},"end":{"line":3,"column":67}},"2":{"start":{"line":4,"column":0},"end":{"line":4,"column":45}},"3":{"start":{"line":5,"column":0},"end":{"line":5,"column":null}},"4":{"start":{"line":20,"column":28},"end":{"line":24,"column":null}},"5":{"start":{"line":21,"column":2},"end":{"line":24,"column":null}},"6":{"start":{"line":23,"column":6},"end":{"line":23,"column":74}},"7":{"start":{"line":23,"column":69},"end":{"line":23,"column":72}},"8":{"start":{"line":20,"column":13},"end":{"line":20,"column":28}},"9":{"start":{"line":27,"column":28},"end":{"line":40,"column":null}},"10":{"start":{"line":28,"column":2},"end":{"line":40,"column":null}},"11":{"start":{"line":33,"column":8},"end":{"line":38,"column":null}},"12":{"start":{"line":35,"column":12},"end":{"line":37,"column":74}}},"fnMap":{"0":{"name":"(anonymous_0)","decl":{"start":{"line":20,"column":28},"end":{"line":20,"column":29}},"loc":{"start":{"line":21,"column":2},"end":{"line":24,"column":null}}},"1":{"name":"(anonymous_1)","decl":{"start":{"line":22,"column":10},"end":{"line":22,"column":11}},"loc":{"start":{"line":23,"column":6},"end":{"line":23,"column":74}}},"2":{"name":"(anonymous_2)","decl":{"start":{"line":23,"column":64},"end":{"line":23,"column":65}},"loc":{"start":{"line":23,"column":69},"end":{"line":23,"column":72}}},"3":{"name":"(anonymous_3)","decl":{"start":{"line":27,"column":28},"end":{"line":27,"column":29}},"loc":{"start":{"line":28,"column":2},"end":{"line":40,"column":null}}},"4":{"name":"(anonymous_4)","decl":{"start":{"line":32,"column":12},"end":{"line":32,"column":13}},"loc":{"start":{"line":33,"column":8},"end":{"line":38,"column":null}}},"5":{"name":"(anonymous_5)","decl":{"start":{"line":34,"column":16},"end":{"line":34,"column":24}},"loc":{"start":{"line":35,"column":12},"end":{"line":37,"column":74}}}},"branchMap":{"0":{"loc":{"start":{"line":36,"column":16},"end":{"line":36,"column":83}},"type":"cond-expr","locations":[{"start":{"line":36,"column":16},"end":{"line":36,"column":83}},{"start":{"line":37,"column":16},"end":{"line":37,"column":74}}]}},"s":{"0":4,"1":4,"2":4,"3":4,"4":4,"5":0,"6":0,"7":0,"8":4,"9":4,"10":0,"11":0,"12":0},"f":{"0":0,"1":0,"2":0,"3":0,"4":0,"5":0},"b":{"0":[0,0]}}
,"/home/eg/Documents/work/stacks/Stacks-did-method/packages/did-resolver/src/utils/did.ts": {"path":"/home/eg/Documents/work/stacks/Stacks-did-method/packages/did-resolver/src/utils/did.ts","statementMap":{"0":{"start":{"line":1,"column":0},"end":{"line":1,"column":96}},"1":{"start":{"line":3,"column":0},"end":{"line":3,"column":44}},"2":{"start":{"line":4,"column":0},"end":{"line":4,"column":45}},"3":{"start":{"line":5,"column":0},"end":{"line":5,"column":43}},"4":{"start":{"line":6,"column":0},"end":{"line":6,"column":55}},"5":{"start":{"line":7,"column":0},"end":{"line":7,"column":61}},"6":{"start":{"line":14,"column":28},"end":{"line":21,"column":1}},"7":{"start":{"line":15,"column":2},"end":{"line":20,"column":null}},"8":{"start":{"line":16,"column":4},"end":{"line":16,"column":null}},"9":{"start":{"line":17,"column":4},"end":{"line":17,"column":null}},"10":{"start":{"line":19,"column":4},"end":{"line":19,"column":null}},"11":{"start":{"line":29,"column":21},"end":{"line":42,"column":1}},"12":{"start":{"line":30,"column":2},"end":{"line":32,"column":null}},"13":{"start":{"line":31,"column":4},"end":{"line":31,"column":null}},"14":{"start":{"line":34,"column":17},"end":{"line":34,"column":46}},"15":{"start":{"line":35,"column":17},"end":{"line":35,"column":33}},"16":{"start":{"line":37,"column":2},"end":{"line":39,"column":null}},"17":{"start":{"line":38,"column":4},"end":{"line":38,"column":null}},"18":{"start":{"line":41,"column":2},"end":{"line":41,"column":null}},"19":{"start":{"line":50,"column":30},"end":{"line":92,"column":1}},"20":{"start":{"line":51,"column":2},"end":{"line":58,"column":null}},"21":{"start":{"line":52,"column":4},"end":{"line":57,"column":null}},"22":{"start":{"line":60,"column":14},"end":{"line":60,"column":35}},"23":{"start":{"line":62,"column":2},"end":{"line":64,"column":null}},"24":{"start":{"line":63,"column":4},"end":{"line":63,"column":null}},"25":{"start":{"line":66,"column":32},"end":{"line":66,"column":47}},"26":{"start":{"line":68,"column":2},"end":{"line":75,"column":null}},"27":{"start":{"line":69,"column":4},"end":{"line":74,"column":null}},"28":{"start":{"line":77,"column":2},"end":{"line":84,"column":null}},"29":{"start":{"line":78,"column":4},"end":{"line":83,"column":null}},"30":{"start":{"line":86,"column":2},"end":{"line":91,"column":null}},"31":{"start":{"line":86,"column":46},"end":{"line":91,"column":4}},"32":{"start":{"line":50,"column":13},"end":{"line":50,"column":30}},"33":{"start":{"line":99,"column":31},"end":{"line":112,"column":1}},"34":{"start":{"line":103,"column":2},"end":{"line":105,"column":null}},"35":{"start":{"line":104,"column":4},"end":{"line":104,"column":null}},"36":{"start":{"line":107,"column":2},"end":{"line":109,"column":null}},"37":{"start":{"line":108,"column":4},"end":{"line":108,"column":null}},"38":{"start":{"line":111,"column":2},"end":{"line":111,"column":null}},"39":{"start":{"line":99,"column":13},"end":{"line":99,"column":31}},"40":{"start":{"line":114,"column":36},"end":{"line":121,"column":1}},"41":{"start":{"line":115,"column":2},"end":{"line":119,"column":null}},"42":{"start":{"line":116,"column":4},"end":{"line":118,"column":null}},"43":{"start":{"line":117,"column":31},"end":{"line":117,"column":91}},"44":{"start":{"line":118,"column":17},"end":{"line":118,"column":22}},"45":{"start":{"line":120,"column":2},"end":{"line":120,"column":null}},"46":{"start":{"line":114,"column":13},"end":{"line":114,"column":36}},"47":{"start":{"line":129,"column":19},"end":{"line":140,"column":1}},"48":{"start":{"line":132,"column":27},"end":{"line":132,"column":49}},"49":{"start":{"line":133,"column":28},"end":{"line":133,"column":61}},"50":{"start":{"line":135,"column":2},"end":{"line":137,"column":null}},"51":{"start":{"line":136,"column":4},"end":{"line":136,"column":null}},"52":{"start":{"line":139,"column":2},"end":{"line":139,"column":null}}},"fnMap":{"0":{"name":"(anonymous_0)","decl":{"start":{"line":14,"column":28},"end":{"line":14,"column":29}},"loc":{"start":{"line":14,"column":48},"end":{"line":21,"column":1}}},"1":{"name":"(anonymous_1)","decl":{"start":{"line":29,"column":21},"end":{"line":29,"column":22}},"loc":{"start":{"line":29,"column":38},"end":{"line":42,"column":1}}},"2":{"name":"(anonymous_2)","decl":{"start":{"line":50,"column":30},"end":{"line":50,"column":31}},"loc":{"start":{"line":50,"column":77},"end":{"line":92,"column":1}}},"3":{"name":"(anonymous_3)","decl":{"start":{"line":86,"column":33},"end":{"line":86,"column":41}},"loc":{"start":{"line":86,"column":46},"end":{"line":91,"column":4}}},"4":{"name":"(anonymous_4)","decl":{"start":{"line":99,"column":31},"end":{"line":99,"column":32}},"loc":{"start":{"line":102,"column":28},"end":{"line":112,"column":1}}},"5":{"name":"(anonymous_5)","decl":{"start":{"line":114,"column":36},"end":{"line":114,"column":37}},"loc":{"start":{"line":114,"column":64},"end":{"line":121,"column":1}}},"6":{"name":"(anonymous_6)","decl":{"start":{"line":117,"column":11},"end":{"line":117,"column":12}},"loc":{"start":{"line":117,"column":31},"end":{"line":117,"column":91}}},"7":{"name":"(anonymous_7)","decl":{"start":{"line":118,"column":12},"end":{"line":118,"column":13}},"loc":{"start":{"line":118,"column":17},"end":{"line":118,"column":22}}},"8":{"name":"(anonymous_8)","decl":{"start":{"line":129,"column":19},"end":{"line":129,"column":null}},"loc":{"start":{"line":131,"column":75},"end":{"line":140,"column":1}}}},"branchMap":{"0":{"loc":{"start":{"line":30,"column":2},"end":{"line":32,"column":null}},"type":"if","locations":[{"start":{"line":30,"column":2},"end":{"line":32,"column":null}},{"start":{"line":30,"column":2},"end":{"line":32,"column":null}}]},"1":{"loc":{"start":{"line":37,"column":2},"end":{"line":39,"column":null}},"type":"if","locations":[{"start":{"line":37,"column":2},"end":{"line":39,"column":null}},{"start":{"line":37,"column":2},"end":{"line":39,"column":null}}]},"2":{"loc":{"start":{"line":37,"column":6},"end":{"line":37,"column":26}},"type":"binary-expr","locations":[{"start":{"line":37,"column":6},"end":{"line":37,"column":26}},{"start":{"line":37,"column":30},"end":{"line":37,"column":50}}]},"3":{"loc":{"start":{"line":50,"column":45},"end":{"line":50,"column":47}},"type":"default-arg","locations":[{"start":{"line":50,"column":45},"end":{"line":50,"column":47}}]},"4":{"loc":{"start":{"line":51,"column":2},"end":{"line":58,"column":null}},"type":"if","locations":[{"start":{"line":51,"column":2},"end":{"line":58,"column":null}},{"start":{"line":51,"column":2},"end":{"line":58,"column":null}}]},"5":{"loc":{"start":{"line":62,"column":2},"end":{"line":64,"column":null}},"type":"if","locations":[{"start":{"line":62,"column":2},"end":{"line":64,"column":null}},{"start":{"line":62,"column":2},"end":{"line":64,"column":null}}]},"6":{"loc":{"start":{"line":68,"column":2},"end":{"line":75,"column":null}},"type":"if","locations":[{"start":{"line":68,"column":2},"end":{"line":75,"column":null}},{"start":{"line":68,"column":2},"end":{"line":75,"column":null}}]},"7":{"loc":{"start":{"line":68,"column":6},"end":{"line":68,"column":14}},"type":"binary-expr","locations":[{"start":{"line":68,"column":6},"end":{"line":68,"column":14}},{"start":{"line":68,"column":18},"end":{"line":68,"column":47}}]},"8":{"loc":{"start":{"line":77,"column":2},"end":{"line":84,"column":null}},"type":"if","locations":[{"start":{"line":77,"column":2},"end":{"line":84,"column":null}},{"start":{"line":77,"column":2},"end":{"line":84,"column":null}}]},"9":{"loc":{"start":{"line":77,"column":6},"end":{"line":77,"column":17}},"type":"binary-expr","locations":[{"start":{"line":77,"column":6},"end":{"line":77,"column":17}},{"start":{"line":77,"column":21},"end":{"line":77,"column":46}}]},"10":{"loc":{"start":{"line":103,"column":2},"end":{"line":105,"column":null}},"type":"if","locations":[{"start":{"line":103,"column":2},"end":{"line":105,"column":null}},{"start":{"line":103,"column":2},"end":{"line":105,"column":null}}]},"11":{"loc":{"start":{"line":107,"column":2},"end":{"line":109,"column":null}},"type":"if","locations":[{"start":{"line":107,"column":2},"end":{"line":109,"column":null}},{"start":{"line":107,"column":2},"end":{"line":109,"column":null}}]},"12":{"loc":{"start":{"line":115,"column":2},"end":{"line":119,"column":null}},"type":"if","locations":[{"start":{"line":115,"column":2},"end":{"line":119,"column":null}},{"start":{"line":115,"column":2},"end":{"line":119,"column":null}}]},"13":{"loc":{"start":{"line":135,"column":2},"end":{"line":137,"column":null}},"type":"if","locations":[{"start":{"line":135,"column":2},"end":{"line":137,"column":null}},{"start":{"line":135,"column":2},"end":{"line":137,"column":null}}]}},"s":{"0":4,"1":4,"2":4,"3":4,"4":4,"5":4,"6":4,"7":24,"8":24,"9":22,"10":2,"11":4,"12":21,"13":1,"14":20,"15":20,"16":20,"17":1,"18":19,"19":4,"20":18,"21":1,"22":17,"23":17,"24":1,"25":16,"26":16,"27":1,"28":15,"29":2,"30":13,"31":12,"32":4,"33":4,"34":8,"35":1,"36":7,"37":1,"38":6,"39":4,"40":4,"41":3,"42":3,"43":3,"44":0,"45":0,"46":4,"47":4,"48":13,"49":13,"50":13,"51":1,"52":12},"f":{"0":24,"1":21,"2":18,"3":12,"4":8,"5":3,"6":3,"7":0,"8":13},"b":{"0":[1,20],"1":[1,19],"2":[20,19],"3":[0],"4":[1,17],"5":[1,16],"6":[1,15],"7":[16,16],"8":[2,13],"9":[15,14],"10":[1,7],"11":[1,6],"12":[3,0],"13":[1,12]}}
,"/home/eg/Documents/work/stacks/Stacks-did-method/packages/did-resolver/src/utils/didDoc.ts": {"path":"/home/eg/Documents/work/stacks/Stacks-did-method/packages/did-resolver/src/utils/didDoc.ts","statementMap":{"0":{"start":{"line":2,"column":12},"end":{"line":2,"column":27}},"1":{"start":{"line":4,"column":27},"end":{"line":30,"column":1}},"2":{"start":{"line":15,"column":2},"end":{"line":29,"column":null}},"3":{"start":{"line":4,"column":13},"end":{"line":4,"column":27}}},"fnMap":{"0":{"name":"(anonymous_0)","decl":{"start":{"line":4,"column":27},"end":{"line":4,"column":28}},"loc":{"start":{"line":12,"column":18},"end":{"line":30,"column":1}}}},"branchMap":{},"s":{"0":4,"1":4,"2":0,"3":4},"f":{"0":0},"b":{}}
,"/home/eg/Documents/work/stacks/Stacks-did-method/packages/did-resolver/src/utils/fqn.ts": {"path":"/home/eg/Documents/work/stacks/Stacks-did-method/packages/did-resolver/src/utils/fqn.ts","statementMap":{"0":{"start":{"line":1,"column":0},"end":{"line":1,"column":43}},"1":{"start":{"line":9,"column":25},"end":{"line":12,"column":1}},"2":{"start":{"line":10,"column":41},"end":{"line":10,"column":50}},"3":{"start":{"line":11,"column":2},"end":{"line":11,"column":null}},"4":{"start":{"line":9,"column":13},"end":{"line":9,"column":25}},"5":{"start":{"line":14,"column":25},"end":{"line":35,"column":1}},"6":{"start":{"line":15,"column":20},"end":{"line":15,"column":54}},"7":{"start":{"line":15,"column":49},"end":{"line":15,"column":53}},"8":{"start":{"line":17,"column":2},"end":{"line":19,"column":null}},"9":{"start":{"line":18,"column":4},"end":{"line":18,"column":null}},"10":{"start":{"line":21,"column":2},"end":{"line":34,"column":null}},"11":{"start":{"line":22,"column":41},"end":{"line":22,"column":50}},"12":{"start":{"line":23,"column":4},"end":{"line":27,"column":null}},"13":{"start":{"line":29,"column":30},"end":{"line":29,"column":39}},"14":{"start":{"line":30,"column":4},"end":{"line":33,"column":null}},"15":{"start":{"line":14,"column":13},"end":{"line":14,"column":25}}},"fnMap":{"0":{"name":"(anonymous_0)","decl":{"start":{"line":9,"column":25},"end":{"line":9,"column":26}},"loc":{"start":{"line":9,"column":44},"end":{"line":12,"column":1}}},"1":{"name":"(anonymous_1)","decl":{"start":{"line":14,"column":25},"end":{"line":14,"column":26}},"loc":{"start":{"line":14,"column":62},"end":{"line":35,"column":1}}},"2":{"name":"(anonymous_2)","decl":{"start":{"line":15,"column":43},"end":{"line":15,"column":45}},"loc":{"start":{"line":15,"column":49},"end":{"line":15,"column":53}}}},"branchMap":{"0":{"loc":{"start":{"line":11,"column":24},"end":{"line":11,"column":39}},"type":"cond-expr","locations":[{"start":{"line":11,"column":24},"end":{"line":11,"column":39}},{"start":{"line":11,"column":42},"end":{"line":11,"column":44}}]},"1":{"loc":{"start":{"line":17,"column":2},"end":{"line":19,"column":null}},"type":"if","locations":[{"start":{"line":17,"column":2},"end":{"line":19,"column":null}},{"start":{"line":17,"column":2},"end":{"line":19,"column":null}}]},"2":{"loc":{"start":{"line":21,"column":2},"end":{"line":34,"column":null}},"type":"if","locations":[{"start":{"line":21,"column":2},"end":{"line":34,"column":null}},{"start":{"line":21,"column":2},"end":{"line":34,"column":null}}]}},"s":{"0":4,"1":4,"2":2,"3":2,"4":4,"5":4,"6":3,"7":7,"8":3,"9":1,"10":2,"11":1,"12":1,"13":1,"14":1,"15":4},"f":{"0":2,"1":3,"2":7},"b":{"0":[1,1],"1":[1,2],"2":[1,1]}}
,"/home/eg/Documents/work/stacks/Stacks-did-method/packages/did-resolver/src/utils/general.ts": {"path":"/home/eg/Documents/work/stacks/Stacks-did-method/packages/did-resolver/src/utils/general.ts","statementMap":{"0":{"start":{"line":2,"column":0},"end":{"line":2,"column":57}},"1":{"start":{"line":5,"column":39},"end":{"line":9,"column":1}},"2":{"start":{"line":6,"column":2},"end":{"line":6,"column":null}},"3":{"start":{"line":6,"column":29},"end":{"line":6,"column":null}},"4":{"start":{"line":8,"column":2},"end":{"line":8,"column":null}},"5":{"start":{"line":5,"column":13},"end":{"line":5,"column":39}},"6":{"start":{"line":11,"column":25},"end":{"line":14,"column":1}},"7":{"start":{"line":13,"column":2},"end":{"line":13,"column":null}},"8":{"start":{"line":11,"column":13},"end":{"line":11,"column":25}},"9":{"start":{"line":18,"column":36},"end":{"line":20,"column":1}},"10":{"start":{"line":19,"column":2},"end":{"line":19,"column":null}},"11":{"start":{"line":18,"column":13},"end":{"line":18,"column":36}},"12":{"start":{"line":22,"column":30},"end":{"line":24,"column":1}},"13":{"start":{"line":23,"column":2},"end":{"line":23,"column":null}},"14":{"start":{"line":23,"column":26},"end":{"line":23,"column":55}},"15":{"start":{"line":22,"column":13},"end":{"line":22,"column":30}},"16":{"start":{"line":27,"column":2},"end":{"line":31,"column":3}},"17":{"start":{"line":28,"column":2},"end":{"line":31,"column":3}},"18":{"start":{"line":29,"column":4},"end":{"line":29,"column":null}},"19":{"start":{"line":30,"column":4},"end":{"line":30,"column":null}},"20":{"start":{"line":26,"column":13},"end":{"line":26,"column":null}}},"fnMap":{"0":{"name":"(anonymous_0)","decl":{"start":{"line":5,"column":39},"end":{"line":5,"column":40}},"loc":{"start":{"line":5,"column":56},"end":{"line":9,"column":1}}},"1":{"name":"(anonymous_1)","decl":{"start":{"line":11,"column":25},"end":{"line":11,"column":26}},"loc":{"start":{"line":11,"column":60},"end":{"line":14,"column":1}}},"2":{"name":"(anonymous_2)","decl":{"start":{"line":18,"column":36},"end":{"line":18,"column":43}},"loc":{"start":{"line":18,"column":82},"end":{"line":20,"column":1}}},"3":{"name":"(anonymous_3)","decl":{"start":{"line":22,"column":30},"end":{"line":22,"column":37}},"loc":{"start":{"line":22,"column":83},"end":{"line":24,"column":1}}},"4":{"name":"(anonymous_4)","decl":{"start":{"line":23,"column":21},"end":{"line":23,"column":22}},"loc":{"start":{"line":23,"column":26},"end":{"line":23,"column":55}}},"5":{"name":"(anonymous_5)","decl":{"start":{"line":27,"column":2},"end":{"line":27,"column":3}},"loc":{"start":{"line":28,"column":2},"end":{"line":31,"column":3}}},"6":{"name":"(anonymous_6)","decl":{"start":{"line":28,"column":2},"end":{"line":28,"column":6}},"loc":{"start":{"line":28,"column":19},"end":{"line":31,"column":3}}}},"branchMap":{"0":{"loc":{"start":{"line":6,"column":2},"end":{"line":6,"column":null}},"type":"if","locations":[{"start":{"line":6,"column":2},"end":{"line":6,"column":null}},{"start":{"line":6,"column":2},"end":{"line":6,"column":null}}]},"1":{"loc":{"start":{"line":29,"column":16},"end":{"line":29,"column":22}},"type":"binary-expr","locations":[{"start":{"line":29,"column":16},"end":{"line":29,"column":22}},{"start":{"line":29,"column":26},"end":{"line":29,"column":38}}]}},"s":{"0":4,"1":4,"2":38,"3":22,"4":16,"5":4,"6":4,"7":0,"8":4,"9":4,"10":0,"11":4,"12":4,"13":0,"14":0,"15":4,"16":4,"17":0,"18":0,"19":0,"20":4},"f":{"0":38,"1":0,"2":0,"3":0,"4":0,"5":0,"6":0},"b":{"0":[22,16],"1":[0,0]}}
,"/home/eg/Documents/work/stacks/Stacks-did-method/packages/did-resolver/src/utils/index.ts": {"path":"/home/eg/Documents/work/stacks/Stacks-did-method/packages/did-resolver/src/utils/index.ts","statementMap":{"0":{"start":{"line":1,"column":0},"end":{"line":1,"column":21}},"1":{"start":{"line":2,"column":0},"end":{"line":2,"column":30}},"2":{"start":{"line":3,"column":0},"end":{"line":3,"column":25}},"3":{"start":{"line":4,"column":0},"end":{"line":4,"column":21}},"4":{"start":{"line":5,"column":0},"end":{"line":5,"column":24}},"5":{"start":{"line":6,"column":0},"end":{"line":6,"column":26}},"6":{"start":{"line":7,"column":0},"end":{"line":7,"column":29}},"7":{"start":{"line":8,"column":0},"end":{"line":8,"column":21}}},"fnMap":{},"branchMap":{},"s":{"0":4,"1":4,"2":4,"3":4,"4":4,"5":4,"6":4,"7":4},"f":{},"b":{}}
,"/home/eg/Documents/work/stacks/Stacks-did-method/packages/did-resolver/src/utils/signedToken.ts": {"path":"/home/eg/Documents/work/stacks/Stacks-did-method/packages/did-resolver/src/utils/signedToken.ts","statementMap":{"0":{"start":{"line":1,"column":0},"end":{"line":1,"column":43}},"1":{"start":{"line":2,"column":0},"end":{"line":2,"column":57}},"2":{"start":{"line":3,"column":0},"end":{"line":3,"column":35}},"3":{"start":{"line":4,"column":0},"end":{"line":4,"column":36}},"4":{"start":{"line":5,"column":0},"end":{"line":5,"column":71}},"5":{"start":{"line":6,"column":0},"end":{"line":6,"column":53}},"6":{"start":{"line":7,"column":0},"end":{"line":7,"column":67}},"7":{"start":{"line":8,"column":0},"end":{"line":8,"column":51}},"8":{"start":{"line":9,"column":0},"end":{"line":9,"column":61}},"9":{"start":{"line":10,"column":0},"end":{"line":10,"column":34}},"10":{"start":{"line":17,"column":41},"end":{"line":20,"column":32}},"11":{"start":{"line":18,"column":2},"end":{"line":20,"column":32}},"12":{"start":{"line":17,"column":13},"end":{"line":17,"column":41}},"13":{"start":{"line":36,"column":32},"end":{"line":45,"column":1}},"14":{"start":{"line":37,"column":26},"end":{"line":37,"column":51}},"15":{"start":{"line":38,"column":22},"end":{"line":38,"column":51}},"16":{"start":{"line":40,"column":2},"end":{"line":42,"column":null}},"17":{"start":{"line":41,"column":4},"end":{"line":41,"column":null}},"18":{"start":{"line":44,"column":2},"end":{"line":44,"column":null}},"19":{"start":{"line":36,"column":13},"end":{"line":36,"column":32}},"20":{"start":{"line":54,"column":25},"end":{"line":54,"column":96}},"21":{"start":{"line":54,"column":47},"end":{"line":54,"column":96}},"22":{"start":{"line":54,"column":89},"end":{"line":54,"column":94}},"23":{"start":{"line":57,"column":2},"end":{"line":68,"column":3}},"24":{"start":{"line":58,"column":2},"end":{"line":68,"column":3}},"25":{"start":{"line":59,"column":4},"end":{"line":67,"column":null}},"26":{"start":{"line":60,"column":26},"end":{"line":60,"column":76}},"27":{"start":{"line":62,"column":6},"end":{"line":62,"column":null}},"28":{"start":{"line":64,"column":6},"end":{"line":66,"column":null}}},"fnMap":{"0":{"name":"(anonymous_0)","decl":{"start":{"line":17,"column":41},"end":{"line":17,"column":42}},"loc":{"start":{"line":18,"column":2},"end":{"line":20,"column":32}}},"1":{"name":"(anonymous_1)","decl":{"start":{"line":36,"column":32},"end":{"line":36,"column":33}},"loc":{"start":{"line":36,"column":52},"end":{"line":45,"column":1}}},"2":{"name":"(anonymous_2)","decl":{"start":{"line":54,"column":25},"end":{"line":54,"column":26}},"loc":{"start":{"line":54,"column":47},"end":{"line":54,"column":96}}},"3":{"name":"(anonymous_3)","decl":{"start":{"line":54,"column":83},"end":{"line":54,"column":85}},"loc":{"start":{"line":54,"column":89},"end":{"line":54,"column":94}}},"4":{"name":"(anonymous_4)","decl":{"start":{"line":57,"column":2},"end":{"line":57,"column":3}},"loc":{"start":{"line":58,"column":2},"end":{"line":68,"column":3}}},"5":{"name":"(anonymous_5)","decl":{"start":{"line":58,"column":2},"end":{"line":58,"column":3}},"loc":{"start":{"line":58,"column":58},"end":{"line":68,"column":3}}}},"branchMap":{"0":{"loc":{"start":{"line":40,"column":2},"end":{"line":42,"column":null}},"type":"if","locations":[{"start":{"line":40,"column":2},"end":{"line":42,"column":null}},{"start":{"line":40,"column":2},"end":{"line":42,"column":null}}]}},"s":{"0":4,"1":4,"2":4,"3":4,"4":4,"5":4,"6":4,"7":4,"8":4,"9":4,"10":4,"11":0,"12":4,"13":4,"14":5,"15":5,"16":5,"17":4,"18":1,"19":4,"20":4,"21":0,"22":0,"23":4,"24":0,"25":0,"26":0,"27":0,"28":0},"f":{"0":0,"1":5,"2":0,"3":0,"4":0,"5":0},"b":{"0":[4,1]}}
,"/home/eg/Documents/work/stacks/Stacks-did-method/packages/did-resolver/src/utils/transactions.ts": {"path":"/home/eg/Documents/work/stacks/Stacks-did-method/packages/did-resolver/src/utils/transactions.ts","statementMap":{"0":{"start":{"line":1,"column":0},"end":{"line":1,"column":31}},"1":{"start":{"line":2,"column":0},"end":{"line":2,"column":57}},"2":{"start":{"line":3,"column":0},"end":{"line":3,"column":44}},"3":{"start":{"line":4,"column":0},"end":{"line":4,"column":44}},"4":{"start":{"line":5,"column":0},"end":{"line":5,"column":43}},"5":{"start":{"line":6,"column":0},"end":{"line":6,"column":45}},"6":{"start":{"line":7,"column":0},"end":{"line":7,"column":71}},"7":{"start":{"line":9,"column":26},"end":{"line":10,"column":68}},"8":{"start":{"line":10,"column":2},"end":{"line":10,"column":68}},"9":{"start":{"line":9,"column":13},"end":{"line":9,"column":26}},"10":{"start":{"line":27,"column":2},"end":{"line":75,"column":3}},"11":{"start":{"line":28,"column":2},"end":{"line":75,"column":3}},"12":{"start":{"line":29,"column":36},"end":{"line":32,"column":null}},"13":{"start":{"line":34,"column":4},"end":{"line":41,"column":null}},"14":{"start":{"line":35,"column":6},"end":{"line":40,"column":null}},"15":{"start":{"line":43,"column":29},"end":{"line":43,"column":45}},"16":{"start":{"line":45,"column":4},"end":{"line":52,"column":null}},"17":{"start":{"line":46,"column":6},"end":{"line":51,"column":null}},"18":{"start":{"line":54,"column":4},"end":{"line":61,"column":null}},"19":{"start":{"line":55,"column":6},"end":{"line":60,"column":null}},"20":{"start":{"line":63,"column":27},"end":{"line":63,"column":60}},"21":{"start":{"line":65,"column":4},"end":{"line":72,"column":null}},"22":{"start":{"line":66,"column":6},"end":{"line":71,"column":null}},"23":{"start":{"line":74,"column":4},"end":{"line":74,"column":null}},"24":{"start":{"line":26,"column":13},"end":{"line":26,"column":null}},"25":{"start":{"line":82,"column":32},"end":{"line":116,"column":1}},"26":{"start":{"line":83,"column":28},"end":{"line":83,"column":66}},"27":{"start":{"line":89,"column":6},"end":{"line":94,"column":8}},"28":{"start":{"line":90,"column":4},"end":{"line":92,"column":null}},"29":{"start":{"line":91,"column":6},"end":{"line":91,"column":55}},"30":{"start":{"line":93,"column":4},"end":{"line":93,"column":null}},"31":{"start":{"line":96,"column":2},"end":{"line":103,"column":null}},"32":{"start":{"line":97,"column":4},"end":{"line":102,"column":null}},"33":{"start":{"line":105,"column":27},"end":{"line":106,"column":null}},"34":{"start":{"line":109,"column":51},"end":{"line":109,"column":67}},"35":{"start":{"line":111,"column":2},"end":{"line":115,"column":null}}},"fnMap":{"0":{"name":"(anonymous_0)","decl":{"start":{"line":9,"column":26},"end":{"line":9,"column":27}},"loc":{"start":{"line":10,"column":2},"end":{"line":10,"column":68}}},"1":{"name":"(anonymous_1)","decl":{"start":{"line":27,"column":2},"end":{"line":27,"column":3}},"loc":{"start":{"line":28,"column":2},"end":{"line":75,"column":3}}},"2":{"name":"(anonymous_2)","decl":{"start":{"line":28,"column":2},"end":{"line":28,"column":3}},"loc":{"start":{"line":28,"column":51},"end":{"line":75,"column":3}}},"3":{"name":"(anonymous_3)","decl":{"start":{"line":82,"column":32},"end":{"line":82,"column":33}},"loc":{"start":{"line":82,"column":98},"end":{"line":116,"column":1}}},"4":{"name":"(anonymous_4)","decl":{"start":{"line":89,"column":26},"end":{"line":89,"column":27}},"loc":{"start":{"line":89,"column":46},"end":{"line":94,"column":3}}}},"branchMap":{"0":{"loc":{"start":{"line":34,"column":4},"end":{"line":41,"column":null}},"type":"if","locations":[{"start":{"line":34,"column":4},"end":{"line":41,"column":null}},{"start":{"line":34,"column":4},"end":{"line":41,"column":null}}]},"1":{"loc":{"start":{"line":45,"column":4},"end":{"line":52,"column":null}},"type":"if","locations":[{"start":{"line":45,"column":4},"end":{"line":52,"column":null}},{"start":{"line":45,"column":4},"end":{"line":52,"column":null}}]},"2":{"loc":{"start":{"line":45,"column":8},"end":{"line":45,"column":38}},"type":"binary-expr","locations":[{"start":{"line":45,"column":8},"end":{"line":45,"column":38}},{"start":{"line":45,"column":42},"end":{"line":45,"column":59}}]},"3":{"loc":{"start":{"line":54,"column":4},"end":{"line":61,"column":null}},"type":"if","locations":[{"start":{"line":54,"column":4},"end":{"line":61,"column":null}},{"start":{"line":54,"column":4},"end":{"line":61,"column":null}}]},"4":{"loc":{"start":{"line":65,"column":4},"end":{"line":72,"column":null}},"type":"if","locations":[{"start":{"line":65,"column":4},"end":{"line":72,"column":null}},{"start":{"line":65,"column":4},"end":{"line":72,"column":null}}]},"5":{"loc":{"start":{"line":90,"column":4},"end":{"line":92,"column":null}},"type":"if","locations":[{"start":{"line":90,"column":4},"end":{"line":92,"column":null}},{"start":{"line":90,"column":4},"end":{"line":92,"column":null}}]},"6":{"loc":{"start":{"line":96,"column":2},"end":{"line":103,"column":null}},"type":"if","locations":[{"start":{"line":96,"column":2},"end":{"line":103,"column":null}},{"start":{"line":96,"column":2},"end":{"line":103,"column":null}}]},"7":{"loc":{"start":{"line":96,"column":6},"end":{"line":96,"column":11}},"type":"binary-expr","locations":[{"start":{"line":96,"column":6},"end":{"line":96,"column":11}},{"start":{"line":96,"column":15},"end":{"line":96,"column":25}},{"start":{"line":96,"column":29},"end":{"line":96,"column":42}}]}},"s":{"0":4,"1":4,"2":4,"3":4,"4":4,"5":4,"6":4,"7":4,"8":4,"9":4,"10":4,"11":9,"12":9,"13":9,"14":1,"15":8,"16":8,"17":1,"18":7,"19":1,"20":6,"21":6,"22":3,"23":3,"24":4,"25":4,"26":3,"27":3,"28":7,"29":6,"30":1,"31":3,"32":1,"33":2,"34":2,"35":2},"f":{"0":4,"1":9,"2":9,"3":3,"4":7},"b":{"0":[1,8],"1":[1,7],"2":[8,7],"3":[1,6],"4":[3,3],"5":[6,1],"6":[1,2],"7":[3,2,2]}}
,"/home/eg/Documents/work/stacks/Stacks-did-method/packages/did-resolver/src/utils/zonefile.ts": {"path":"/home/eg/Documents/work/stacks/Stacks-did-method/packages/did-resolver/src/utils/zonefile.ts","statementMap":{"0":{"start":{"line":1,"column":0},"end":{"line":1,"column":49}},"1":{"start":{"line":2,"column":0},"end":{"line":2,"column":62}},"2":{"start":{"line":3,"column":0},"end":{"line":3,"column":25}},"3":{"start":{"line":4,"column":0},"end":{"line":4,"column":43}},"4":{"start":{"line":5,"column":0},"end":{"line":5,"column":36}},"5":{"start":{"line":6,"column":0},"end":{"line":6,"column":71}},"6":{"start":{"line":7,"column":0},"end":{"line":7,"column":45}},"7":{"start":{"line":8,"column":26},"end":{"line":8,"column":46}},"8":{"start":{"line":15,"column":43},"end":{"line":41,"column":1}},"9":{"start":{"line":19,"column":25},"end":{"line":19,"column":52}},"10":{"start":{"line":21,"column":2},"end":{"line":33,"column":null}},"11":{"start":{"line":22,"column":18},"end":{"line":24,"column":6}},"12":{"start":{"line":23,"column":6},"end":{"line":23,"column":null}},"13":{"start":{"line":26,"column":4},"end":{"line":32,"column":null}},"14":{"start":{"line":27,"column":34},"end":{"line":27,"column":61}},"15":{"start":{"line":28,"column":6},"end":{"line":31,"column":null}},"16":{"start":{"line":35,"column":2},"end":{"line":40,"column":null}},"17":{"start":{"line":15,"column":13},"end":{"line":15,"column":43}},"18":{"start":{"line":48,"column":44},"end":{"line":85,"column":1}},"19":{"start":{"line":58,"column":19},"end":{"line":58,"column":46}},"20":{"start":{"line":60,"column":2},"end":{"line":77,"column":null}},"21":{"start":{"line":61,"column":18},"end":{"line":64,"column":6}},"22":{"start":{"line":63,"column":6},"end":{"line":63,"column":null}},"23":{"start":{"line":66,"column":4},"end":{"line":76,"column":null}},"24":{"start":{"line":67,"column":32},"end":{"line":70,"column":25}},"25":{"start":{"line":72,"column":6},"end":{"line":75,"column":null}},"26":{"start":{"line":79,"column":2},"end":{"line":84,"column":null}},"27":{"start":{"line":48,"column":13},"end":{"line":48,"column":44}},"28":{"start":{"line":87,"column":32},"end":{"line":98,"column":null}},"29":{"start":{"line":88,"column":2},"end":{"line":98,"column":null}},"30":{"start":{"line":90,"column":28},"end":{"line":90,"column":46}},"31":{"start":{"line":92,"column":6},"end":{"line":94,"column":null}},"32":{"start":{"line":93,"column":8},"end":{"line":93,"column":68}},"33":{"start":{"line":96,"column":6},"end":{"line":96,"column":41}},"34":{"start":{"line":87,"column":13},"end":{"line":87,"column":32}},"35":{"start":{"line":107,"column":41},"end":{"line":113,"column":null}},"36":{"start":{"line":108,"column":2},"end":{"line":113,"column":null}},"37":{"start":{"line":110,"column":6},"end":{"line":111,"column":null}},"38":{"start":{"line":111,"column":26},"end":{"line":111,"column":49}},"39":{"start":{"line":107,"column":13},"end":{"line":107,"column":41}},"40":{"start":{"line":116,"column":28},"end":{"line":131,"column":1}},"41":{"start":{"line":117,"column":2},"end":{"line":130,"column":null}},"42":{"start":{"line":118,"column":16},"end":{"line":118,"column":56}},"43":{"start":{"line":120,"column":4},"end":{"line":127,"column":null}},"44":{"start":{"line":129,"column":4},"end":{"line":129,"column":null}}},"fnMap":{"0":{"name":"(anonymous_0)","decl":{"start":{"line":15,"column":43},"end":{"line":15,"column":null}},"loc":{"start":{"line":18,"column":56},"end":{"line":41,"column":1}}},"1":{"name":"(anonymous_1)","decl":{"start":{"line":22,"column":42},"end":{"line":22,"column":43}},"loc":{"start":{"line":22,"column":68},"end":{"line":24,"column":5}}},"2":{"name":"(anonymous_2)","decl":{"start":{"line":48,"column":44},"end":{"line":48,"column":null}},"loc":{"start":{"line":57,"column":4},"end":{"line":85,"column":1}}},"3":{"name":"(anonymous_3)","decl":{"start":{"line":61,"column":36},"end":{"line":61,"column":37}},"loc":{"start":{"line":61,"column":63},"end":{"line":64,"column":5}}},"4":{"name":"(anonymous_4)","decl":{"start":{"line":87,"column":32},"end":{"line":87,"column":33}},"loc":{"start":{"line":88,"column":2},"end":{"line":98,"column":null}}},"5":{"name":"(anonymous_5)","decl":{"start":{"line":89,"column":4},"end":{"line":89,"column":5}},"loc":{"start":{"line":89,"column":24},"end":{"line":97,"column":5}}},"6":{"name":"(anonymous_6)","decl":{"start":{"line":107,"column":41},"end":{"line":107,"column":42}},"loc":{"start":{"line":108,"column":2},"end":{"line":113,"column":null}}},"7":{"name":"(anonymous_7)","decl":{"start":{"line":109,"column":10},"end":{"line":109,"column":18}},"loc":{"start":{"line":110,"column":6},"end":{"line":111,"column":null}}},"8":{"name":"(anonymous_8)","decl":{"start":{"line":111,"column":12},"end":{"line":111,"column":21}},"loc":{"start":{"line":111,"column":26},"end":{"line":111,"column":49}}},"9":{"name":"(anonymous_9)","decl":{"start":{"line":116,"column":28},"end":{"line":116,"column":29}},"loc":{"start":{"line":116,"column":72},"end":{"line":131,"column":1}}}},"branchMap":{"0":{"loc":{"start":{"line":21,"column":2},"end":{"line":33,"column":null}},"type":"if","locations":[{"start":{"line":21,"column":2},"end":{"line":33,"column":null}},{"start":{"line":21,"column":2},"end":{"line":33,"column":null}}]},"1":{"loc":{"start":{"line":26,"column":4},"end":{"line":32,"column":null}},"type":"if","locations":[{"start":{"line":26,"column":4},"end":{"line":32,"column":null}},{"start":{"line":26,"column":4},"end":{"line":32,"column":null}}]},"2":{"loc":{"start":{"line":60,"column":2},"end":{"line":77,"column":null}},"type":"if","locations":[{"start":{"line":60,"column":2},"end":{"line":77,"column":null}},{"start":{"line":60,"column":2},"end":{"line":77,"column":null}}]},"3":{"loc":{"start":{"line":66,"column":4},"end":{"line":76,"column":null}},"type":"if","locations":[{"start":{"line":66,"column":4},"end":{"line":76,"column":null}},{"start":{"line":66,"column":4},"end":{"line":76,"column":null}}]},"4":{"loc":{"start":{"line":92,"column":6},"end":{"line":94,"column":null}},"type":"if","locations":[{"start":{"line":92,"column":6},"end":{"line":94,"column":null}},{"start":{"line":92,"column":6},"end":{"line":94,"column":null}}]},"5":{"loc":{"start":{"line":121,"column":8},"end":{"line":121,"column":18}},"type":"cond-expr","locations":[{"start":{"line":121,"column":8},"end":{"line":121,"column":18}},{"start":{"line":122,"column":8},"end":{"line":126,"column":null}}]}},"s":{"0":4,"1":4,"2":4,"3":4,"4":4,"5":4,"6":4,"7":4,"8":4,"9":2,"10":2,"11":2,"12":7,"13":2,"14":1,"15":1,"16":1,"17":4,"18":4,"19":2,"20":2,"21":2,"22":6,"23":2,"24":1,"25":1,"26":1,"27":4,"28":4,"29":8,"30":32,"31":32,"32":8,"33":24,"34":4,"35":4,"36":0,"37":0,"38":0,"39":4,"40":4,"41":0,"42":0,"43":0,"44":0},"f":{"0":2,"1":7,"2":2,"3":6,"4":8,"5":32,"6":0,"7":0,"8":0,"9":0},"b":{"0":[2,0],"1":[1,1],"2":[2,0],"3":[1,1],"4":[8,24],"5":[0,0]}}
}
