TN:
SF:src/api.ts
FN:39,(anonymous_0)
FN:40,(anonymous_1)
FN:40,(anonymous_2)
FN:53,(anonymous_3)
FN:73,(anonymous_4)
FN:87,(anonymous_5)
FN:93,(anonymous_6)
FN:95,(anonymous_7)
FN:107,(anonymous_8)
FN:123,(anonymous_9)
FN:149,(anonymous_10)
FN:184,(anonymous_11)
FN:187,(anonymous_12)
FN:202,(anonymous_13)
FNF:14
FNH:0
FNDA:0,(anonymous_0)
FNDA:0,(anonymous_1)
FNDA:0,(anonymous_2)
FNDA:0,(anonymous_3)
FNDA:0,(anonymous_4)
FNDA:0,(anonymous_5)
FNDA:0,(anonymous_6)
FNDA:0,(anonymous_7)
FNDA:0,(anonymous_8)
FNDA:0,(anonymous_9)
FNDA:0,(anonymous_10)
FNDA:0,(anonymous_11)
FNDA:0,(anonymous_12)
FNDA:0,(anonymous_13)
DA:1,4
DA:2,4
DA:3,4
DA:4,4
DA:5,4
DA:6,4
DA:17,4
DA:18,4
DA:39,4
DA:40,0
DA:53,4
DA:61,0
DA:62,0
DA:64,0
DA:73,4
DA:84,0
DA:86,0
DA:88,0
DA:94,0
DA:96,0
DA:100,0
DA:105,0
DA:107,0
DA:123,4
DA:132,0
DA:134,0
DA:136,0
DA:138,0
DA:148,0
DA:150,0
DA:151,0
DA:152,0
DA:155,0
DA:184,4
DA:185,0
DA:186,0
DA:188,0
DA:189,0
DA:191,0
DA:202,4
DA:203,0
LF:41
LH:14
BRDA:62,0,0,0
BRDA:62,0,1,0
BRDA:96,1,0,0
BRDA:96,1,1,0
BRDA:132,2,0,0
BRDA:132,2,1,0
BRDA:151,3,0,0
BRDA:151,3,1,0
BRDA:188,4,0,0
BRDA:188,4,1,0
BRF:10
BRH:0
end_of_record
TN:
SF:src/constants.ts
FNF:0
FNH:0
DA:1,4
DA:2,4
DA:9,4
DA:16,4
DA:22,4
DA:34,4
DA:46,4
DA:56,4
DA:61,4
LF:9
LH:9
BRF:0
BRH:0
end_of_record
TN:
SF:src/errors.ts
FN:1,(anonymous_0)
FN:9,(anonymous_1)
FN:22,(anonymous_2)
FN:28,(anonymous_3)
FNF:4
FNH:4
FNDA:4,(anonymous_0)
FNDA:4,(anonymous_1)
FNDA:9,(anonymous_2)
FNDA:9,(anonymous_3)
DA:1,4
DA:2,4
DA:3,4
DA:4,4
DA:5,4
DA:6,4
DA:9,4
DA:10,4
DA:11,4
DA:12,4
DA:13,4
DA:14,4
DA:15,4
DA:16,4
DA:17,4
DA:18,4
DA:21,4
DA:23,9
DA:27,4
DA:29,9
LF:20
LH:20
BRDA:1,0,0,4
BRDA:1,0,1,4
BRDA:9,1,0,4
BRDA:9,1,1,4
BRDA:23,2,0,9
BRDA:23,2,1,0
BRDA:29,3,0,5
BRDA:29,3,1,4
BRF:8
BRH:7
end_of_record
TN:
SF:src/types.ts
FN:1,(anonymous_0)
FN:6,(anonymous_1)
FNF:2
FNH:2
FNDA:4,(anonymous_0)
FNDA:4,(anonymous_1)
DA:1,4
DA:2,4
DA:3,4
DA:6,4
DA:7,4
DA:8,4
LF:6
LH:6
BRDA:1,0,0,4
BRDA:1,0,1,4
BRDA:6,1,0,4
BRDA:6,1,1,4
BRF:4
BRH:4
end_of_record
TN:
SF:src/utils/bns.ts
FN:20,(anonymous_0)
FN:22,(anonymous_1)
FN:23,(anonymous_2)
FN:27,(anonymous_3)
FN:32,(anonymous_4)
FN:34,(anonymous_5)
FNF:6
FNH:0
FNDA:0,(anonymous_0)
FNDA:0,(anonymous_1)
FNDA:0,(anonymous_2)
FNDA:0,(anonymous_3)
FNDA:0,(anonymous_4)
FNDA:0,(anonymous_5)
DA:2,4
DA:3,4
DA:4,4
DA:5,4
DA:20,4
DA:21,0
DA:23,0
DA:27,4
DA:28,0
DA:33,0
DA:35,0
LF:11
LH:6
BRDA:36,0,0,0
BRDA:36,0,1,0
BRF:2
BRH:0
end_of_record
TN:
SF:src/utils/did.ts
FN:14,(anonymous_0)
FN:29,(anonymous_1)
FN:50,(anonymous_2)
FN:86,(anonymous_3)
FN:99,(anonymous_4)
FN:114,(anonymous_5)
FN:117,(anonymous_6)
FN:118,(anonymous_7)
FN:129,(anonymous_8)
FNF:9
FNH:8
FNDA:24,(anonymous_0)
FNDA:21,(anonymous_1)
FNDA:18,(anonymous_2)
FNDA:12,(anonymous_3)
FNDA:8,(anonymous_4)
FNDA:3,(anonymous_5)
FNDA:3,(anonymous_6)
FNDA:0,(anonymous_7)
FNDA:13,(anonymous_8)
DA:1,4
DA:3,4
DA:4,4
DA:5,4
DA:6,4
DA:7,4
DA:14,4
DA:15,24
DA:16,24
DA:17,22
DA:19,2
DA:29,4
DA:30,21
DA:31,1
DA:34,20
DA:35,20
DA:37,20
DA:38,1
DA:41,19
DA:50,4
DA:51,18
DA:52,1
DA:60,17
DA:62,17
DA:63,1
DA:66,16
DA:68,16
DA:69,1
DA:77,15
DA:78,2
DA:86,13
DA:99,4
DA:103,8
DA:104,1
DA:107,7
DA:108,1
DA:111,6
DA:114,4
DA:115,3
DA:116,3
DA:117,3
DA:118,0
DA:120,0
DA:129,4
DA:132,13
DA:133,13
DA:135,13
DA:136,1
DA:139,12
LF:49
LH:47
BRDA:30,0,0,1
BRDA:30,0,1,20
BRDA:37,1,0,1
BRDA:37,1,1,19
BRDA:37,2,0,20
BRDA:37,2,1,19
BRDA:50,3,0,0
BRDA:51,4,0,1
BRDA:51,4,1,17
BRDA:62,5,0,1
BRDA:62,5,1,16
BRDA:68,6,0,1
BRDA:68,6,1,15
BRDA:68,7,0,16
BRDA:68,7,1,16
BRDA:77,8,0,2
BRDA:77,8,1,13
BRDA:77,9,0,15
BRDA:77,9,1,14
BRDA:103,10,0,1
BRDA:103,10,1,7
BRDA:107,11,0,1
BRDA:107,11,1,6
BRDA:115,12,0,3
BRDA:115,12,1,0
BRDA:135,13,0,1
BRDA:135,13,1,12
BRF:27
BRH:25
end_of_record
TN:
SF:src/utils/didDoc.ts
FN:4,(anonymous_0)
FNF:1
FNH:0
FNDA:0,(anonymous_0)
DA:2,4
DA:4,4
DA:15,0
LF:3
LH:2
BRF:0
BRH:0
end_of_record
TN:
SF:src/utils/fqn.ts
FN:9,(anonymous_0)
FN:14,(anonymous_1)
FN:15,(anonymous_2)
FNF:3
FNH:3
FNDA:2,(anonymous_0)
FNDA:3,(anonymous_1)
FNDA:7,(anonymous_2)
DA:1,4
DA:9,4
DA:10,2
DA:11,2
DA:14,4
DA:15,7
DA:17,3
DA:18,1
DA:21,2
DA:22,1
DA:23,1
DA:29,1
DA:30,1
LF:13
LH:13
BRDA:11,0,0,1
BRDA:11,0,1,1
BRDA:17,1,0,1
BRDA:17,1,1,2
BRDA:21,2,0,1
BRDA:21,2,1,1
BRF:6
BRH:6
end_of_record
TN:
SF:src/utils/general.ts
FN:5,(anonymous_0)
FN:11,(anonymous_1)
FN:18,(anonymous_2)
FN:22,(anonymous_3)
FN:23,(anonymous_4)
FN:27,(anonymous_5)
FN:28,(anonymous_6)
FNF:7
FNH:1
FNDA:38,(anonymous_0)
FNDA:0,(anonymous_1)
FNDA:0,(anonymous_2)
FNDA:0,(anonymous_3)
FNDA:0,(anonymous_4)
FNDA:0,(anonymous_5)
FNDA:0,(anonymous_6)
DA:2,4
DA:5,4
DA:6,38
DA:8,16
DA:11,4
DA:13,0
DA:18,4
DA:19,0
DA:22,4
DA:23,0
DA:26,4
DA:27,4
DA:28,0
DA:29,0
DA:30,0
LF:15
LH:9
BRDA:6,0,0,22
BRDA:6,0,1,16
BRDA:29,1,0,0
BRDA:29,1,1,0
BRF:4
BRH:2
end_of_record
TN:
SF:src/utils/index.ts
FNF:0
FNH:0
DA:1,4
DA:2,4
DA:3,4
DA:4,4
DA:5,4
DA:6,4
DA:7,4
DA:8,4
LF:8
LH:8
BRF:0
BRH:0
end_of_record
TN:
SF:src/utils/signedToken.ts
FN:17,(anonymous_0)
FN:36,(anonymous_1)
FN:54,(anonymous_2)
FN:54,(anonymous_3)
FN:57,(anonymous_4)
FN:58,(anonymous_5)
FNF:6
FNH:1
FNDA:0,(anonymous_0)
FNDA:5,(anonymous_1)
FNDA:0,(anonymous_2)
FNDA:0,(anonymous_3)
FNDA:0,(anonymous_4)
FNDA:0,(anonymous_5)
DA:1,4
DA:2,4
DA:3,4
DA:4,4
DA:5,4
DA:6,4
DA:7,4
DA:8,4
DA:9,4
DA:10,4
DA:17,4
DA:18,0
DA:36,4
DA:37,5
DA:38,5
DA:40,5
DA:41,4
DA:44,1
DA:54,4
DA:57,4
DA:58,0
DA:59,0
DA:60,0
DA:62,0
DA:64,0
LF:25
LH:19
BRDA:40,0,0,4
BRDA:40,0,1,1
BRF:2
BRH:2
end_of_record
TN:
SF:src/utils/transactions.ts
FN:9,(anonymous_0)
FN:27,(anonymous_1)
FN:28,(anonymous_2)
FN:82,(anonymous_3)
FN:89,(anonymous_4)
FNF:5
FNH:5
FNDA:4,(anonymous_0)
FNDA:9,(anonymous_1)
FNDA:9,(anonymous_2)
FNDA:3,(anonymous_3)
FNDA:7,(anonymous_4)
DA:1,4
DA:2,4
DA:3,4
DA:4,4
DA:5,4
DA:6,4
DA:7,4
DA:9,4
DA:10,4
DA:26,4
DA:27,4
DA:28,9
DA:29,9
DA:34,9
DA:35,1
DA:43,8
DA:45,8
DA:46,1
DA:54,7
DA:55,1
DA:63,6
DA:65,6
DA:66,3
DA:74,3
DA:82,4
DA:83,3
DA:89,3
DA:90,7
DA:91,6
DA:93,1
DA:96,3
DA:97,1
DA:105,2
DA:109,2
DA:111,2
LF:35
LH:35
BRDA:34,0,0,1
BRDA:34,0,1,8
BRDA:45,1,0,1
BRDA:45,1,1,7
BRDA:45,2,0,8
BRDA:45,2,1,7
BRDA:54,3,0,1
BRDA:54,3,1,6
BRDA:65,4,0,3
BRDA:65,4,1,3
BRDA:90,5,0,6
BRDA:90,5,1,1
BRDA:96,6,0,1
BRDA:96,6,1,2
BRDA:96,7,0,3
BRDA:96,7,1,2
BRDA:96,7,2,2
BRF:17
BRH:17
end_of_record
TN:
SF:src/utils/zonefile.ts
FN:15,(anonymous_0)
FN:22,(anonymous_1)
FN:48,(anonymous_2)
FN:61,(anonymous_3)
FN:87,(anonymous_4)
FN:89,(anonymous_5)
FN:107,(anonymous_6)
FN:109,(anonymous_7)
FN:111,(anonymous_8)
FN:116,(anonymous_9)
FNF:10
FNH:6
FNDA:2,(anonymous_0)
FNDA:7,(anonymous_1)
FNDA:2,(anonymous_2)
FNDA:6,(anonymous_3)
FNDA:8,(anonymous_4)
FNDA:32,(anonymous_5)
FNDA:0,(anonymous_6)
FNDA:0,(anonymous_7)
FNDA:0,(anonymous_8)
FNDA:0,(anonymous_9)
DA:1,4
DA:2,4
DA:3,4
DA:4,4
DA:5,4
DA:6,4
DA:7,4
DA:8,4
DA:15,4
DA:19,2
DA:21,2
DA:22,2
DA:23,7
DA:26,2
DA:27,1
DA:28,1
DA:35,1
DA:48,4
DA:58,2
DA:60,2
DA:61,2
DA:63,6
DA:66,2
DA:67,1
DA:72,1
DA:79,1
DA:87,4
DA:88,8
DA:90,32
DA:92,32
DA:93,8
DA:96,24
DA:107,4
DA:108,0
DA:110,0
DA:111,0
DA:116,4
DA:117,0
DA:118,0
DA:120,0
DA:129,0
LF:41
LH:34
BRDA:21,0,0,2
BRDA:21,0,1,0
BRDA:26,1,0,1
BRDA:26,1,1,1
BRDA:60,2,0,2
BRDA:60,2,1,0
BRDA:66,3,0,1
BRDA:66,3,1,1
BRDA:92,4,0,8
BRDA:92,4,1,24
BRDA:121,5,0,0
BRDA:121,5,1,0
BRF:12
BRH:8
end_of_record
